<?xml version="1.0" encoding="utf-8"?><testsuites name="pytest tests"><testsuite name="pytest" errors="0" failures="1" skipped="0" tests="29" time="7.058" timestamp="2026-07-26T06:51:10.849269+00:00" hostname="agent-env-bec9d312-caab-451b-8705-4010f78fdaa8"><testcase classname="tests.backend_test" name="test_health" time="0.153" /><testcase classname="tests.backend_test" name="test_auth_owner_login_and_me" time="0.418" /><testcase classname="tests.backend_test" name="test_auth_signup_new_user" time="0.326" /><testcase classname="tests.backend_test" name="test_list_products_has_seeded" time="0.097" /><testcase classname="tests.backend_test" name="test_get_product_slug" time="0.197" /><testcase classname="tests.backend_test" name="test_collections_list_and_detail" time="0.196" /><testcase classname="tests.backend_test" name="test_add_review_recomputes_rating" time="0.293" /><testcase classname="tests.backend_test" name="test_checkout_quote_with_coupons" time="0.437" /><testcase classname="tests.backend_test" name="test_place_order_razorpay" time="0.219" /><testcase classname="tests.backend_test" name="test_place_order_cod" time="0.197" /><testcase classname="tests.backend_test" name="test_verify_payment" time="0.099" /><testcase classname="tests.backend_test" name="test_track_order" time="0.118" /><testcase classname="tests.backend_test" name="test_admin_products_no_token" time="0.097" /><testcase classname="tests.backend_test" name="test_admin_products_customer_forbidden" time="0.416" /><testcase classname="tests.backend_test" name="test_admin_products_owner_ok" time="0.427" /><testcase classname="tests.backend_test" name="test_support_cannot_write_product" time="0.523" /><testcase classname="tests.backend_test" name="test_admin_product_crud" time="0.098"><failure message="AssertionError: Internal Server Error&#10;assert 500 == 200&#10; +  where 500 = &lt;Response [500]&gt;.status_code">E   AssertionError: Internal Server Error
    assert 500 == 200
     +  where 500 = &lt;Response [500]&gt;.status_code</failure></testcase><testcase classname="tests.backend_test" name="test_admin_collection_crud" time="0.295" /><testcase classname="tests.backend_test" name="test_admin_coupon_crud" time="0.293" /><testcase classname="tests.backend_test" name="test_admin_customers" time="0.097" /><testcase classname="tests.backend_test" name="test_admin_order_update_and_refund" time="0.219" /><testcase classname="tests.backend_test" name="test_email_templates" time="0.288" /><testcase classname="tests.backend_test" name="test_settings_get_patch" time="0.195" /><testcase classname="tests.backend_test" name="test_pages" time="0.293" /><testcase classname="tests.backend_test" name="test_public_page_about" time="0.099" /><testcase classname="tests.backend_test" name="test_analytics" time="0.099" /><testcase classname="tests.backend_test" name="test_imagekit_auth_and_upload" time="0.193" /><testcase classname="tests.backend_test" name="test_newsletter" time="0.092" /><testcase classname="tests.backend_test" name="test_webhook_shiprocket" time="0.102" /></testsuite></testsuites>